[INFO] Scanning for projects...
[INFO] ------------------------------------------------------------------------
[INFO] Reactor Build Order:
[INFO] 
[INFO] eureka-server                                                      [jar]
[INFO] gateway-service                                                    [jar]
[INFO] auth-service                                                       [jar]
[INFO] application-service                                                [jar]
[INFO] document-service                                                   [jar]
[INFO] admin-service                                                      [jar]
[INFO] finflow-loan-management-system                                     [pom]
[INFO] 
[INFO] --------------------< com.capgemini:eureka-server >---------------------
[INFO] Building eureka-server 0.0.1-SNAPSHOT                              [1/7]
[INFO]   from EurekaServer\pom.xml
[INFO] --------------------------------[ jar ]---------------------------------
[INFO] 
[INFO] --- clean:3.3.2:clean (default-clean) @ eureka-server ---
[INFO] Deleting C:\Users\Sambhav\Downloads\FinFlow-Loan-Management-System\EurekaServer\target
[INFO] 
[INFO] --- resources:3.3.1:resources (default-resources) @ eureka-server ---
[INFO] Copying 1 resource from src\main\resources to target\classes
[INFO] Copying 0 resource from src\main\resources to target\classes
[INFO] 
[INFO] --- compiler:3.11.0:compile (default-compile) @ eureka-server ---
[INFO] Changes detected - recompiling the module! :source
[INFO] Compiling 1 source file with javac [debug release 21] to target\classes
[INFO] 
[INFO] --- resources:3.3.1:testResources (default-testResources) @ eureka-server ---
[INFO] skip non existing resourceDirectory C:\Users\Sambhav\Downloads\FinFlow-Loan-Management-System\EurekaServer\src\test\resources
[INFO] 
[INFO] --- compiler:3.11.0:testCompile (default-testCompile) @ eureka-server ---
[INFO] Changes detected - recompiling the module! :dependency
[INFO] Compiling 1 source file with javac [debug release 21] to target\test-classes
[INFO] 
[INFO] --- surefire:3.1.2:test (default-test) @ eureka-server ---
[INFO] Tests are skipped.
[INFO] 
[INFO] --- jar:3.3.0:jar (default-jar) @ eureka-server ---
[INFO] Building jar: C:\Users\Sambhav\Downloads\FinFlow-Loan-Management-System\EurekaServer\target\eureka-server-0.0.1-SNAPSHOT.jar
[INFO] 
[INFO] --- spring-boot:3.2.5:repackage (repackage) @ eureka-server ---
[INFO] Replacing main artifact C:\Users\Sambhav\Downloads\FinFlow-Loan-Management-System\EurekaServer\target\eureka-server-0.0.1-SNAPSHOT.jar with repackaged archive, adding nested dependencies in BOOT-INF/.
[INFO] The original artifact has been renamed to C:\Users\Sambhav\Downloads\FinFlow-Loan-Management-System\EurekaServer\target\eureka-server-0.0.1-SNAPSHOT.jar.original
[INFO] 
[INFO] --- install:3.1.1:install (default-install) @ eureka-server ---
[INFO] Installing C:\Users\Sambhav\Downloads\FinFlow-Loan-Management-System\EurekaServer\pom.xml to C:\Users\Sambhav\.m2\repository\com\capgemini\eureka-server\0.0.1-SNAPSHOT\eureka-server-0.0.1-SNAPSHOT.pom
[INFO] Installing C:\Users\Sambhav\Downloads\FinFlow-Loan-Management-System\EurekaServer\target\eureka-server-0.0.1-SNAPSHOT.jar to C:\Users\Sambhav\.m2\repository\com\capgemini\eureka-server\0.0.1-SNAPSHOT\eureka-server-0.0.1-SNAPSHOT.jar
[INFO] 
[INFO] -------------------< com.capgemini:gateway-service >--------------------
[INFO] Building gateway-service 0.0.1-SNAPSHOT                            [2/7]
[INFO]   from Gateway\pom.xml
[INFO] --------------------------------[ jar ]---------------------------------
[INFO] 
[INFO] --- clean:3.3.2:clean (default-clean) @ gateway-service ---
[INFO] Deleting C:\Users\Sambhav\Downloads\FinFlow-Loan-Management-System\Gateway\target
[INFO] 
[INFO] --- resources:3.3.1:resources (default-resources) @ gateway-service ---
[INFO] Copying 1 resource from src\main\resources to target\classes
[INFO] Copying 7 resources from src\main\resources to target\classes
[INFO] 
[INFO] --- compiler:3.11.0:compile (default-compile) @ gateway-service ---
[INFO] Changes detected - recompiling the module! :source
[INFO] Compiling 3 source files with javac [debug release 21] to target\classes
[INFO] 
[INFO] --- resources:3.3.1:testResources (default-testResources) @ gateway-service ---
[INFO] skip non existing resourceDirectory C:\Users\Sambhav\Downloads\FinFlow-Loan-Management-System\Gateway\src\test\resources
[INFO] 
[INFO] --- compiler:3.11.0:testCompile (default-testCompile) @ gateway-service ---
[INFO] Changes detected - recompiling the module! :dependency
[INFO] Compiling 1 source file with javac [debug release 21] to target\test-classes
[INFO] 
[INFO] --- surefire:3.1.2:test (default-test) @ gateway-service ---
[INFO] Tests are skipped.
[INFO] 
[INFO] --- jar:3.3.0:jar (default-jar) @ gateway-service ---
[INFO] Building jar: C:\Users\Sambhav\Downloads\FinFlow-Loan-Management-System\Gateway\target\gateway-service-0.0.1-SNAPSHOT.jar
[INFO] 
[INFO] --- spring-boot:3.2.5:repackage (repackage) @ gateway-service ---
[INFO] Replacing main artifact C:\Users\Sambhav\Downloads\FinFlow-Loan-Management-System\Gateway\target\gateway-service-0.0.1-SNAPSHOT.jar with repackaged archive, adding nested dependencies in BOOT-INF/.
[INFO] The original artifact has been renamed to C:\Users\Sambhav\Downloads\FinFlow-Loan-Management-System\Gateway\target\gateway-service-0.0.1-SNAPSHOT.jar.original
[INFO] 
[INFO] --- install:3.1.1:install (default-install) @ gateway-service ---
[INFO] Installing C:\Users\Sambhav\Downloads\FinFlow-Loan-Management-System\Gateway\pom.xml to C:\Users\Sambhav\.m2\repository\com\capgemini\gateway-service\0.0.1-SNAPSHOT\gateway-service-0.0.1-SNAPSHOT.pom
[INFO] Installing C:\Users\Sambhav\Downloads\FinFlow-Loan-Management-System\Gateway\target\gateway-service-0.0.1-SNAPSHOT.jar to C:\Users\Sambhav\.m2\repository\com\capgemini\gateway-service\0.0.1-SNAPSHOT\gateway-service-0.0.1-SNAPSHOT.jar
[INFO] 
[INFO] ---------------------< com.capgemini:auth-service >---------------------
[INFO] Building auth-service 0.0.1-SNAPSHOT                               [3/7]
[INFO]   from AuthService\pom.xml
[INFO] --------------------------------[ jar ]---------------------------------
[INFO] 
[INFO] --- clean:3.3.2:clean (default-clean) @ auth-service ---
[INFO] Deleting C:\Users\Sambhav\Downloads\FinFlow-Loan-Management-System\AuthService\target
[INFO] 
[INFO] --- resources:3.3.1:resources (default-resources) @ auth-service ---
[INFO] Copying 1 resource from src\main\resources to target\classes
[INFO] Copying 0 resource from src\main\resources to target\classes
[INFO] 
[INFO] --- compiler:3.11.0:compile (default-compile) @ auth-service ---
[INFO] Changes detected - recompiling the module! :source
[INFO] Compiling 14 source files with javac [debug release 21] to target\classes
[INFO] 
[INFO] --- resources:3.3.1:testResources (default-testResources) @ auth-service ---
[INFO] skip non existing resourceDirectory C:\Users\Sambhav\Downloads\FinFlow-Loan-Management-System\AuthService\src\test\resources
[INFO] 
[INFO] --- compiler:3.11.0:testCompile (default-testCompile) @ auth-service ---
[INFO] Changes detected - recompiling the module! :dependency
[INFO] Compiling 1 source file with javac [debug release 21] to target\test-classes
[INFO] 
[INFO] --- surefire:3.1.2:test (default-test) @ auth-service ---
[INFO] Tests are skipped.
[INFO] 
[INFO] --- jar:3.3.0:jar (default-jar) @ auth-service ---
[INFO] Building jar: C:\Users\Sambhav\Downloads\FinFlow-Loan-Management-System\AuthService\target\auth-service-0.0.1-SNAPSHOT.jar
[INFO] 
[INFO] --- spring-boot:3.2.5:repackage (repackage) @ auth-service ---
[INFO] Replacing main artifact C:\Users\Sambhav\Downloads\FinFlow-Loan-Management-System\AuthService\target\auth-service-0.0.1-SNAPSHOT.jar with repackaged archive, adding nested dependencies in BOOT-INF/.
[INFO] The original artifact has been renamed to C:\Users\Sambhav\Downloads\FinFlow-Loan-Management-System\AuthService\target\auth-service-0.0.1-SNAPSHOT.jar.original
[INFO] 
[INFO] --- install:3.1.1:install (default-install) @ auth-service ---
[INFO] Installing C:\Users\Sambhav\Downloads\FinFlow-Loan-Management-System\AuthService\pom.xml to C:\Users\Sambhav\.m2\repository\com\capgemini\auth-service\0.0.1-SNAPSHOT\auth-service-0.0.1-SNAPSHOT.pom
[INFO] Installing C:\Users\Sambhav\Downloads\FinFlow-Loan-Management-System\AuthService\target\auth-service-0.0.1-SNAPSHOT.jar to C:\Users\Sambhav\.m2\repository\com\capgemini\auth-service\0.0.1-SNAPSHOT\auth-service-0.0.1-SNAPSHOT.jar
[INFO] 
[INFO] -----------------< com.capgemini:application-service >------------------
[INFO] Building application-service 0.0.1-SNAPSHOT                        [4/7]
[INFO]   from ApplicationService\pom.xml
[INFO] --------------------------------[ jar ]---------------------------------
[INFO] 
[INFO] --- clean:3.3.2:clean (default-clean) @ application-service ---
[INFO] Deleting C:\Users\Sambhav\Downloads\FinFlow-Loan-Management-System\ApplicationService\target
[INFO] 
[INFO] --- resources:3.3.1:resources (default-resources) @ application-service ---
[INFO] Copying 1 resource from src\main\resources to target\classes
[INFO] Copying 0 resource from src\main\resources to target\classes
[INFO] 
[INFO] --- compiler:3.11.0:compile (default-compile) @ application-service ---
[INFO] Changes detected - recompiling the module! :source
[INFO] Compiling 13 source files with javac [debug release 21] to target\classes
[INFO] 
[INFO] --- resources:3.3.1:testResources (default-testResources) @ application-service ---
[INFO] skip non existing resourceDirectory C:\Users\Sambhav\Downloads\FinFlow-Loan-Management-System\ApplicationService\src\test\resources
[INFO] 
[INFO] --- compiler:3.11.0:testCompile (default-testCompile) @ application-service ---
[INFO] Changes detected - recompiling the module! :dependency
[INFO] Compiling 1 source file with javac [debug release 21] to target\test-classes
[INFO] 
[INFO] --- surefire:3.1.2:test (default-test) @ application-service ---
[INFO] Tests are skipped.
[INFO] 
[INFO] --- jar:3.3.0:jar (default-jar) @ application-service ---
[INFO] Building jar: C:\Users\Sambhav\Downloads\FinFlow-Loan-Management-System\ApplicationService\target\application-service-0.0.1-SNAPSHOT.jar
[INFO] 
[INFO] --- spring-boot:3.2.5:repackage (repackage) @ application-service ---
[INFO] Replacing main artifact C:\Users\Sambhav\Downloads\FinFlow-Loan-Management-System\ApplicationService\target\application-service-0.0.1-SNAPSHOT.jar with repackaged archive, adding nested dependencies in BOOT-INF/.
[INFO] The original artifact has been renamed to C:\Users\Sambhav\Downloads\FinFlow-Loan-Management-System\ApplicationService\target\application-service-0.0.1-SNAPSHOT.jar.original
[INFO] 
[INFO] --- install:3.1.1:install (default-install) @ application-service ---
[INFO] Installing C:\Users\Sambhav\Downloads\FinFlow-Loan-Management-System\ApplicationService\pom.xml to C:\Users\Sambhav\.m2\repository\com\capgemini\application-service\0.0.1-SNAPSHOT\application-service-0.0.1-SNAPSHOT.pom
[INFO] Installing C:\Users\Sambhav\Downloads\FinFlow-Loan-Management-System\ApplicationService\target\application-service-0.0.1-SNAPSHOT.jar to C:\Users\Sambhav\.m2\repository\com\capgemini\application-service\0.0.1-SNAPSHOT\application-service-0.0.1-SNAPSHOT.jar
[INFO] 
[INFO] -------------------< com.capgemini:document-service >-------------------
[INFO] Building document-service 0.0.1-SNAPSHOT                           [5/7]
[INFO]   from DocumentService\pom.xml
[INFO] --------------------------------[ jar ]---------------------------------
[INFO] 
[INFO] --- clean:3.3.2:clean (default-clean) @ document-service ---
[INFO] Deleting C:\Users\Sambhav\Downloads\FinFlow-Loan-Management-System\DocumentService\target
[INFO] 
[INFO] --- resources:3.3.1:resources (default-resources) @ document-service ---
[INFO] Copying 1 resource from src\main\resources to target\classes
[INFO] Copying 0 resource from src\main\resources to target\classes
[INFO] 
[INFO] --- compiler:3.11.0:compile (default-compile) @ document-service ---
[INFO] Changes detected - recompiling the module! :source
[INFO] Compiling 11 source files with javac [debug release 21] to target\classes
[INFO] 
[INFO] --- resources:3.3.1:testResources (default-testResources) @ document-service ---
[INFO] skip non existing resourceDirectory C:\Users\Sambhav\Downloads\FinFlow-Loan-Management-System\DocumentService\src\test\resources
[INFO] 
[INFO] --- compiler:3.11.0:testCompile (default-testCompile) @ document-service ---
[INFO] Changes detected - recompiling the module! :dependency
[INFO] Compiling 1 source file with javac [debug release 21] to target\test-classes
[INFO] 
[INFO] --- surefire:3.1.2:test (default-test) @ document-service ---
[INFO] Tests are skipped.
[INFO] 
[INFO] --- jar:3.3.0:jar (default-jar) @ document-service ---
[INFO] Building jar: C:\Users\Sambhav\Downloads\FinFlow-Loan-Management-System\DocumentService\target\document-service-0.0.1-SNAPSHOT.jar
[INFO] 
[INFO] --- spring-boot:3.2.5:repackage (repackage) @ document-service ---
[INFO] Replacing main artifact C:\Users\Sambhav\Downloads\FinFlow-Loan-Management-System\DocumentService\target\document-service-0.0.1-SNAPSHOT.jar with repackaged archive, adding nested dependencies in BOOT-INF/.
[INFO] The original artifact has been renamed to C:\Users\Sambhav\Downloads\FinFlow-Loan-Management-System\DocumentService\target\document-service-0.0.1-SNAPSHOT.jar.original
[INFO] 
[INFO] --- install:3.1.1:install (default-install) @ document-service ---
[INFO] Installing C:\Users\Sambhav\Downloads\FinFlow-Loan-Management-System\DocumentService\pom.xml to C:\Users\Sambhav\.m2\repository\com\capgemini\document-service\0.0.1-SNAPSHOT\document-service-0.0.1-SNAPSHOT.pom
[INFO] Installing C:\Users\Sambhav\Downloads\FinFlow-Loan-Management-System\DocumentService\target\document-service-0.0.1-SNAPSHOT.jar to C:\Users\Sambhav\.m2\repository\com\capgemini\document-service\0.0.1-SNAPSHOT\document-service-0.0.1-SNAPSHOT.jar
[INFO] 
[INFO] --------------------< com.capgemini:admin-service >---------------------
[INFO] Building admin-service 0.0.1-SNAPSHOT                              [6/7]
[INFO]   from AdminService\pom.xml
[INFO] --------------------------------[ jar ]---------------------------------
[INFO] 
[INFO] --- clean:3.3.2:clean (default-clean) @ admin-service ---
[INFO] Deleting C:\Users\Sambhav\Downloads\FinFlow-Loan-Management-System\AdminService\target
[INFO] 
[INFO] --- resources:3.3.1:resources (default-resources) @ admin-service ---
[INFO] Copying 1 resource from src\main\resources to target\classes
[INFO] Copying 0 resource from src\main\resources to target\classes
[INFO] 
[INFO] --- compiler:3.11.0:compile (default-compile) @ admin-service ---
[INFO] Changes detected - recompiling the module! :source
[INFO] Compiling 13 source files with javac [debug release 21] to target\classes
[INFO] -------------------------------------------------------------
[ERROR] COMPILATION ERROR : 
[INFO] -------------------------------------------------------------
[ERROR] /C:/Users/Sambhav/Downloads/FinFlow-Loan-Management-System/AdminService/src/main/java/com/capgemini/adminservice/controller/AdminController.java:[24,14] cannot find symbol
  symbol:   class RequestParam
  location: class com.capgemini.adminservice.controller.AdminController
[INFO] 1 error
[INFO] -------------------------------------------------------------
[INFO] ------------------------------------------------------------------------
[INFO] Reactor Summary for finflow-loan-management-system 0.0.1-SNAPSHOT:
[INFO] 
[INFO] eureka-server ...................................... SUCCESS [ 20.765 s]
[INFO] gateway-service .................................... SUCCESS [  9.111 s]
[INFO] auth-service ....................................... SUCCESS [ 12.430 s]
[INFO] application-service ................................ SUCCESS [  9.906 s]
[INFO] document-service ................................... SUCCESS [  9.723 s]
[INFO] admin-service ...................................... FAILURE [  2.818 s]
[INFO] finflow-loan-management-system ..................... SKIPPED
[INFO] ------------------------------------------------------------------------
[INFO] BUILD FAILURE
[INFO] ------------------------------------------------------------------------
[INFO] Total time:  01:06 min
[INFO] Finished at: 2026-03-28T11:05:38+05:30
[INFO] ------------------------------------------------------------------------
[ERROR] Failed to execute goal org.apache.maven.plugins:maven-compiler-plugin:3.11.0:compile (default-compile) on project admin-service: Compilation failure
[ERROR] /C:/Users/Sambhav/Downloads/FinFlow-Loan-Management-System/AdminService/src/main/java/com/capgemini/adminservice/controller/AdminController.java:[24,14] cannot find symbol
[ERROR]   symbol:   class RequestParam
[ERROR]   location: class com.capgemini.adminservice.controller.AdminController
[ERROR] 
[ERROR] -> [Help 1]
[ERROR] 
[ERROR] To see the full stack trace of the errors, re-run Maven with the -e switch.
[ERROR] Re-run Maven using the -X switch to enable full debug logging.
[ERROR] 
[ERROR] For more information about the errors and possible solutions, please read the following articles:
[ERROR] [Help 1] http://cwiki.apache.org/confluence/display/MAVEN/MojoFailureException
[ERROR] 
[ERROR] After correcting the problems, you can resume the build with the command
[ERROR]   mvn <args> -rf :admin-service
