[INFO] Scanning for projects...
[INFO] ------------------------------------------------------------------------
[INFO] Reactor Build Order:
[INFO] 
[INFO] auth-service                                                       [jar]
[INFO] application-service                                                [jar]
[INFO] document-service                                                   [jar]
[INFO] admin-service                                                      [jar]
[INFO] finflow-loan-management-system                                     [pom]
[INFO] 
[INFO] ---------------------< com.capgemini:auth-service >---------------------
[INFO] Building auth-service 0.0.1-SNAPSHOT                               [1/5]
[INFO]   from AuthService\pom.xml
[INFO] --------------------------------[ jar ]---------------------------------
[INFO] 
[INFO] --- clean:3.3.2:clean (default-clean) @ auth-service ---
[INFO] Deleting C:\Users\Sambhav\Downloads\FinFlow-Loan-Management-System\AuthService\target
[INFO] 
[INFO] --- resources:3.3.1:resources (default-resources) @ auth-service ---
[INFO] Copying 1 resource from src\main\resources to target\classes
[INFO] Copying 0 resource from src\main\resources to target\classes
[INFO] 
[INFO] --- compiler:3.11.0:compile (default-compile) @ auth-service ---
[INFO] Changes detected - recompiling the module! :source
[INFO] Compiling 14 source files with javac [debug release 21] to target\classes
[INFO] -------------------------------------------------------------
[ERROR] COMPILATION ERROR : 
[INFO] -------------------------------------------------------------
[ERROR] /C:/Users/Sambhav/Downloads/FinFlow-Loan-Management-System/AuthService/src/main/java/com/capgemini/authservice/controller/AuthController.java:[32,9] cannot find symbol
  symbol:   variable log
  location: class com.capgemini.authservice.controller.AuthController
[ERROR] /C:/Users/Sambhav/Downloads/FinFlow-Loan-Management-System/AuthService/src/main/java/com/capgemini/authservice/controller/AuthController.java:[34,9] cannot find symbol
  symbol:   variable log
  location: class com.capgemini.authservice.controller.AuthController
[ERROR] /C:/Users/Sambhav/Downloads/FinFlow-Loan-Management-System/AuthService/src/main/java/com/capgemini/authservice/controller/AuthController.java:[40,9] cannot find symbol
  symbol:   variable log
  location: class com.capgemini.authservice.controller.AuthController
[ERROR] /C:/Users/Sambhav/Downloads/FinFlow-Loan-Management-System/AuthService/src/main/java/com/capgemini/authservice/controller/AuthController.java:[44,9] cannot find symbol
  symbol:   variable log
  location: class com.capgemini.authservice.controller.AuthController
[ERROR] /C:/Users/Sambhav/Downloads/FinFlow-Loan-Management-System/AuthService/src/main/java/com/capgemini/authservice/AuthServiceApplication.java:[31,17] cannot find symbol
  symbol:   variable log
  location: class com.capgemini.authservice.AuthServiceApplication
[ERROR] /C:/Users/Sambhav/Downloads/FinFlow-Loan-Management-System/AuthService/src/main/java/com/capgemini/authservice/AuthServiceApplication.java:[32,17] cannot find symbol
  symbol:   variable log
  location: class com.capgemini.authservice.AuthServiceApplication
[ERROR] /C:/Users/Sambhav/Downloads/FinFlow-Loan-Management-System/AuthService/src/main/java/com/capgemini/authservice/AuthServiceApplication.java:[33,17] cannot find symbol
  symbol:   variable log
  location: class com.capgemini.authservice.AuthServiceApplication
[INFO] 7 errors 
[INFO] -------------------------------------------------------------
[INFO] ------------------------------------------------------------------------
[INFO] Reactor Summary for finflow-loan-management-system 0.0.1-SNAPSHOT:
[INFO] 
[INFO] auth-service ....................................... FAILURE [  8.978 s]
[INFO] application-service ................................ SKIPPED
[INFO] document-service ................................... SKIPPED
[INFO] admin-service ...................................... SKIPPED
[INFO] finflow-loan-management-system ..................... SKIPPED
[INFO] ------------------------------------------------------------------------
[INFO] BUILD FAILURE
[INFO] ------------------------------------------------------------------------
[INFO] Total time:  10.939 s
[INFO] Finished at: 2026-03-28T15:17:11+05:30
[INFO] ------------------------------------------------------------------------
[ERROR] Failed to execute goal org.apache.maven.plugins:maven-compiler-plugin:3.11.0:compile (default-compile) on project auth-service: Compilation failure: Compilation failure: 
[ERROR] /C:/Users/Sambhav/Downloads/FinFlow-Loan-Management-System/AuthService/src/main/java/com/capgemini/authservice/controller/AuthController.java:[32,9] cannot find symbol
[ERROR]   symbol:   variable log
[ERROR]   location: class com.capgemini.authservice.controller.AuthController
[ERROR] /C:/Users/Sambhav/Downloads/FinFlow-Loan-Management-System/AuthService/src/main/java/com/capgemini/authservice/controller/AuthController.java:[34,9] cannot find symbol
[ERROR]   symbol:   variable log
[ERROR]   location: class com.capgemini.authservice.controller.AuthController
[ERROR] /C:/Users/Sambhav/Downloads/FinFlow-Loan-Management-System/AuthService/src/main/java/com/capgemini/authservice/controller/AuthController.java:[40,9] cannot find symbol
[ERROR]   symbol:   variable log
[ERROR]   location: class com.capgemini.authservice.controller.AuthController
[ERROR] /C:/Users/Sambhav/Downloads/FinFlow-Loan-Management-System/AuthService/src/main/java/com/capgemini/authservice/controller/AuthController.java:[44,9] cannot find symbol
[ERROR]   symbol:   variable log
[ERROR]   location: class com.capgemini.authservice.controller.AuthController
[ERROR] /C:/Users/Sambhav/Downloads/FinFlow-Loan-Management-System/AuthService/src/main/java/com/capgemini/authservice/AuthServiceApplication.java:[31,17] cannot find symbol
[ERROR]   symbol:   variable log
[ERROR]   location: class com.capgemini.authservice.AuthServiceApplication
[ERROR] /C:/Users/Sambhav/Downloads/FinFlow-Loan-Management-System/AuthService/src/main/java/com/capgemini/authservice/AuthServiceApplication.java:[32,17] cannot find symbol
[ERROR]   symbol:   variable log
[ERROR]   location: class com.capgemini.authservice.AuthServiceApplication
[ERROR] /C:/Users/Sambhav/Downloads/FinFlow-Loan-Management-System/AuthService/src/main/java/com/capgemini/authservice/AuthServiceApplication.java:[33,17] cannot find symbol
[ERROR]   symbol:   variable log
[ERROR]   location: class com.capgemini.authservice.AuthServiceApplication
[ERROR] -> [Help 1]
[ERROR] 
[ERROR] To see the full stack trace of the errors, re-run Maven with the -e switch.
[ERROR] Re-run Maven using the -X switch to enable full debug logging.
[ERROR] 
[ERROR] For more information about the errors and possible solutions, please read the following articles:
[ERROR] [Help 1] http://cwiki.apache.org/confluence/display/MAVEN/MojoFailureException
